<?xml version="1.0" encoding="UTF-8"?>
<!-- Generated by org.testng.reporters.JUnitReportReporter -->
<testsuite skipped="0" hostname="MACPRO179.local" name="apiTests.AddNewPetTest" tests="1" failures="0" timestamp="10 Nov 2020 06:41:49 GMT" time="7.827" errors="0">
  <testcase name="verifyPetIsAddedViaAPI" time="7.827" classname="apiTests.AddNewPetTest"/>
</testsuite> <!-- apiTests.AddNewPetTest -->
