<?xml version="1.0" encoding="UTF-8"?>
<!-- Generated by org.testng.reporters.JUnitReportReporter -->
<testsuite skipped="0" hostname="MACPRO179.local" name="apiTests.GetPetsWithStatusTest" tests="1" failures="0" timestamp="10 Nov 2020 06:42:14 GMT" time="4.029" errors="0">
  <testcase name="verifyPetsWithStatusViaAPI" time="4.029" classname="apiTests.GetPetsWithStatusTest"/>
</testsuite> <!-- apiTests.GetPetsWithStatusTest -->
