<?xml version="1.0" encoding="UTF-8"?>
<!-- Generated by org.testng.reporters.JUnitReportReporter -->
<testsuite skipped="0" hostname="MACPRO179.local" name="apiTests.UpdatePetInformationTest" tests="1" failures="0" timestamp="10 Nov 2020 06:42:27 GMT" time="4.635" errors="0">
  <testcase name="verifyPetInformationUpdateViaAPI_JSON" time="4.635" classname="apiTests.UpdatePetInformationTest"/>
</testsuite> <!-- apiTests.UpdatePetInformationTest -->
