<?xml version="1.0" encoding="UTF-8"?>
<!-- Generated by org.testng.reporters.JUnitReportReporter -->
<testsuite skipped="0" hostname="MACPRO179.local" name="apiTests.DeletePetTest" tests="1" failures="0" timestamp="10 Nov 2020 06:42:03 GMT" time="6.399" errors="0">
  <testcase name="verifyPetsDeletedViaAPI" time="6.399" classname="apiTests.DeletePetTest"/>
</testsuite> <!-- apiTests.DeletePetTest -->
